TASK 1
2025-04-19 04:19:06,636 - INFO - Epoch 1/50 | Train Loss: 0.0931 | Val Acc: 97.8514 | Test Acc: 96.6390
2025-04-19 04:19:25,140 - INFO - Epoch 2/50 | Train Loss: 0.0844 | Val Acc: 97.2691 | Test Acc: 96.9295
2025-04-19 04:19:42,723 - INFO - Epoch 3/50 | Train Loss: 0.0831 | Val Acc: 97.1084 | Test Acc: 95.8091
2025-04-19 04:20:00,850 - INFO - Epoch 4/50 | Train Loss: 0.0734 | Val Acc: 97.0482 | Test Acc: 96.5768
2025-04-19 04:20:18,970 - INFO - Epoch 5/50 | Train Loss: 0.0733 | Val Acc: 97.6305 | Test Acc: 96.8880
2025-04-19 04:20:37,117 - INFO - Epoch 6/50 | Train Loss: 0.0682 | Val Acc: 97.4096 | Test Acc: 96.7635
2025-04-19 04:20:55,465 - INFO - Epoch 7/50 | Train Loss: 0.0710 | Val Acc: 96.8876 | Test Acc: 95.7469
2025-04-19 04:21:13,578 - INFO - Epoch 8/50 | Train Loss: 0.0645 | Val Acc: 97.7309 | Test Acc: 97.1162
2025-04-19 04:21:32,143 - INFO - Epoch 9/50 | Train Loss: 0.0567 | Val Acc: 97.7510 | Test Acc: 96.8050
2025-04-19 04:21:50,279 - INFO - Epoch 10/50 | Train Loss: 0.0538 | Val Acc: 97.2691 | Test Acc: 96.5353
2025-04-19 04:22:08,404 - INFO - Epoch 11/50 | Train Loss: 0.0524 | Val Acc: 97.3494 | Test Acc: 97.1162
2025-04-19 04:22:26,932 - INFO - Epoch 12/50 | Train Loss: 0.0540 | Val Acc: 97.0080 | Test Acc: 95.8921
2025-04-19 04:22:45,280 - INFO - Epoch 13/50 | Train Loss: 0.0466 | Val Acc: 97.3695 | Test Acc: 96.7012
2025-04-19 04:23:03,765 - INFO - Epoch 14/50 | Train Loss: 0.0474 | Val Acc: 97.1084 | Test Acc: 96.7012
2025-04-19 04:23:22,531 - INFO - Epoch 15/50 | Train Loss: 0.0494 | Val Acc: 97.3896 | Test Acc: 96.9295
2025-04-19 04:23:40,949 - INFO - Epoch 16/50 | Train Loss: 0.0462 | Val Acc: 97.6707 | Test Acc: 97.0332
2025-04-19 04:23:59,838 - INFO - Epoch 17/50 | Train Loss: 0.0406 | Val Acc: 97.4096 | Test Acc: 96.4938
2025-04-19 04:24:18,297 - INFO - Epoch 18/50 | Train Loss: 0.0433 | Val Acc: 97.4699 | Test Acc: 96.5560
2025-04-19 04:24:36,703 - INFO - Epoch 19/50 | Train Loss: 0.0400 | Val Acc: 97.3896 | Test Acc: 96.5560
2025-04-19 04:24:55,057 - INFO - Epoch 20/50 | Train Loss: 0.0351 | Val Acc: 97.6104 | Test Acc: 97.0124
2025-04-19 04:25:13,369 - INFO - Epoch 21/50 | Train Loss: 0.0395 | Val Acc: 97.2289 | Test Acc: 96.6390
2025-04-19 04:25:31,669 - INFO - Epoch 22/50 | Train Loss: 0.0365 | Val Acc: 96.9478 | Test Acc: 96.5353
2025-04-19 04:25:49,933 - INFO - Epoch 23/50 | Train Loss: 0.0328 | Val Acc: 96.8876 | Test Acc: 96.4315
2025-04-19 04:26:08,261 - INFO - Epoch 24/50 | Train Loss: 0.0391 | Val Acc: 97.2490 | Test Acc: 96.8672
2025-04-19 04:26:26,642 - INFO - Epoch 25/50 | Train Loss: 0.0302 | Val Acc: 97.2289 | Test Acc: 96.8672
2025-04-19 04:26:45,207 - INFO - Epoch 26/50 | Train Loss: 0.0324 | Val Acc: 97.4498 | Test Acc: 97.0747
2025-04-19 04:27:03,963 - INFO - Epoch 27/50 | Train Loss: 0.0307 | Val Acc: 97.2490 | Test Acc: 96.3071
2025-04-19 04:27:22,713 - INFO - Epoch 28/50 | Train Loss: 0.0321 | Val Acc: 97.1888 | Test Acc: 96.2448
2025-04-19 04:27:41,484 - INFO - Epoch 29/50 | Train Loss: 0.0272 | Val Acc: 96.9679 | Test Acc: 96.6390
2025-04-19 04:28:00,165 - INFO - Epoch 30/50 | Train Loss: 0.0275 | Val Acc: 96.6867 | Test Acc: 95.9336
2025-04-19 04:28:18,172 - INFO - Epoch 31/50 | Train Loss: 0.0303 | Val Acc: 97.0884 | Test Acc: 96.4315
2025-04-19 04:28:35,691 - INFO - Epoch 32/50 | Train Loss: 0.0323 | Val Acc: 96.8876 | Test Acc: 95.9751
2025-04-19 04:28:53,146 - INFO - Epoch 33/50 | Train Loss: 0.0276 | Val Acc: 96.8876 | Test Acc: 96.8465
2025-04-19 04:29:10,742 - INFO - Epoch 34/50 | Train Loss: 0.0273 | Val Acc: 97.1888 | Test Acc: 96.5145
2025-04-19 04:29:28,240 - INFO - Epoch 35/50 | Train Loss: 0.0255 | Val Acc: 96.5663 | Test Acc: 96.4108
2025-04-19 04:29:47,474 - INFO - Epoch 36/50 | Train Loss: 0.0266 | Val Acc: 96.8675 | Test Acc: 96.0996
2025-04-19 04:30:06,650 - INFO - Epoch 37/50 | Train Loss: 0.0233 | Val Acc: 96.2249 | Test Acc: 95.7884
2025-04-19 04:30:25,794 - INFO - Epoch 38/50 | Train Loss: 0.0263 | Val Acc: 96.4659 | Test Acc: 96.1203
2025-04-19 04:30:44,982 - INFO - Epoch 39/50 | Train Loss: 0.0273 | Val Acc: 97.3695 | Test Acc: 96.7220
2025-04-19 04:31:04,200 - INFO - Epoch 40/50 | Train Loss: 0.0202 | Val Acc: 97.4498 | Test Acc: 96.3278
2025-04-19 04:31:23,292 - INFO - Epoch 41/50 | Train Loss: 0.0192 | Val Acc: 96.8474 | Test Acc: 96.3278
2025-04-19 04:31:42,384 - INFO - Epoch 42/50 | Train Loss: 0.0235 | Val Acc: 97.1687 | Test Acc: 95.9544
2025-04-19 04:32:01,490 - INFO - Epoch 43/50 | Train Loss: 0.0216 | Val Acc: 97.2088 | Test Acc: 97.0539
2025-04-19 04:32:20,608 - INFO - Epoch 44/50 | Train Loss: 0.0232 | Val Acc: 96.6064 | Test Acc: 96.3071
2025-04-19 04:32:39,699 - INFO - Epoch 45/50 | Train Loss: 0.0243 | Val Acc: 97.4900 | Test Acc: 96.8880
2025-04-19 04:32:58,793 - INFO - Epoch 46/50 | Train Loss: 0.0224 | Val Acc: 96.9880 | Test Acc: 96.5975
2025-04-19 04:33:17,894 - INFO - Epoch 47/50 | Train Loss: 0.0183 | Val Acc: 97.1285 | Test Acc: 96.3693
2025-04-19 04:33:37,028 - INFO - Epoch 48/50 | Train Loss: 0.0174 | Val Acc: 97.0482 | Test Acc: 95.0622
2025-04-19 04:33:56,132 - INFO - Epoch 49/50 | Train Loss: 0.0239 | Val Acc: 97.2892 | Test Acc: 96.5560
2025-04-19 04:34:15,239 - INFO - Epoch 50/50 | Train Loss: 0.0170 | Val Acc: 97.1285 | Test Acc: 96.3485
2025-04-19 04:34:15,814 - INFO - 
\u2705 Best model saved as 'best_model.pt' with val acc: 97.8514%
2025-04-19 04:34:15,860 - INFO - \u2705 Encoder weights saved separately to 'pretrained_encoder.pt'

TASK 2
2025-04-19 05:16:45,888 - INFO - Epoch 1/50
2025-04-19 05:16:46,251 - INFO - \U0001f539 Train Loss: 59230.2428 (Amplitude: 119765.0651, Angle: 3.2758)
2025-04-19 05:16:46,252 - INFO - \U0001f538 Val   Loss: 53101.6296 (Amplitude: 108577.6045, Angle: 2.8294)
2025-04-19 05:16:46,253 - INFO - \U0001f53b Test  Loss: 46237.5209 (Amplitude: 94541.8933, Angle: 3.0339)
2025-04-19 05:16:46,277 - INFO -    \u21aa log_sigma_amp: 0.0221, log_sigma_ang: 0.0201
2025-04-19 05:16:46,278 - INFO - --------------------------------------------------------------------------------
2025-04-19 05:17:08,583 - INFO - Epoch 2/50
2025-04-19 05:17:08,591 - INFO - \U0001f539 Train Loss: 51394.1584 (Amplitude: 106136.5641, Angle: 2.9565)
2025-04-19 05:17:08,591 - INFO - \U0001f538 Val   Loss: 43457.0700 (Amplitude: 90673.4280, Angle: 2.8278)
2025-04-19 05:17:08,634 - INFO - \U0001f53b Test  Loss: 37250.9314 (Amplitude: 77723.6603, Angle: 3.0317)
2025-04-19 05:17:08,634 - INFO -    \u21aa log_sigma_amp: 0.0424, log_sigma_ang: 0.0397
2025-04-19 05:17:08,634 - INFO - --------------------------------------------------------------------------------
2025-04-19 05:17:29,997 - INFO - Epoch 3/50
2025-04-19 05:17:29,998 - INFO - \U0001f539 Train Loss: 40183.1441 (Amplitude: 84556.1774, Angle: 2.9573)
2025-04-19 05:17:30,019 - INFO - \U0001f538 Val   Loss: 31559.3595 (Amplitude: 67001.6361, Angle: 2.8335)
2025-04-19 05:17:30,019 - INFO - \U0001f53b Test  Loss: 26259.4181 (Amplitude: 55748.9798, Angle: 3.0284)
2025-04-19 05:17:30,060 - INFO -    \u21aa log_sigma_amp: 0.0597, log_sigma_ang: 0.0599
2025-04-19 05:17:30,060 - INFO - --------------------------------------------------------------------------------
2025-04-19 05:17:50,966 - INFO - Epoch 4/50
2025-04-19 05:17:50,968 - INFO - \U0001f539 Train Loss: 28179.6447 (Amplitude: 60226.6330, Angle: 2.9577)
2025-04-19 05:17:50,968 - INFO - \U0001f538 Val   Loss: 20849.2369 (Amplitude: 44874.1740, Angle: 2.8411)
2025-04-19 05:17:50,969 - INFO - \U0001f53b Test  Loss: 16600.8269 (Amplitude: 35729.4421, Angle: 3.0386)
2025-04-19 05:17:50,970 - INFO -    \u21aa log_sigma_amp: 0.0735, log_sigma_ang: 0.0804
2025-04-19 05:17:51,002 - INFO - --------------------------------------------------------------------------------
2025-04-19 05:18:12,076 - INFO - Epoch 5/50
2025-04-19 05:18:12,077 - INFO - \U0001f539 Train Loss: 18720.8926 (Amplitude: 40498.3731, Angle: 2.9633)
2025-04-19 05:18:12,078 - INFO - \U0001f538 Val   Loss: 14129.2177 (Amplitude: 30728.7917, Angle: 2.8302)
2025-04-19 05:18:12,078 - INFO - \U0001f53b Test  Loss: 10897.2780 (Amplitude: 23698.9559, Angle: 3.0340)
2025-04-19 05:18:12,078 - INFO -    \u21aa log_sigma_amp: 0.0839, log_sigma_ang: 0.1008
2025-04-19 05:18:12,079 - INFO - --------------------------------------------------------------------------------
2025-04-19 05:18:32,667 - INFO - Epoch 6/50
2025-04-19 05:18:32,668 - INFO - \U0001f539 Train Loss: 13584.0203 (Amplitude: 29668.1243, Angle: 2.9680)
2025-04-19 05:18:32,668 - INFO - \U0001f538 Val   Loss: 11553.1100 (Amplitude: 25344.3989, Angle: 2.8326)
2025-04-19 05:18:32,668 - INFO - \U0001f53b Test  Loss: 9084.8101 (Amplitude: 19928.7873, Angle: 3.0284)
2025-04-19 05:18:32,669 - INFO -    \u21aa log_sigma_amp: 0.0926, log_sigma_ang: 0.1211
2025-04-19 05:18:32,669 - INFO - --------------------------------------------------------------------------------
2025-04-19 05:18:53,577 - INFO - Epoch 7/50
2025-04-19 05:18:53,588 - INFO - \U0001f539 Train Loss: 11837.5975 (Amplitude: 26076.7040, Angle: 2.9544)
2025-04-19 05:18:53,589 - INFO - \U0001f538 Val   Loss: 11021.7682 (Amplitude: 24385.9240, Angle: 2.8500)
2025-04-19 05:18:53,589 - INFO - \U0001f53b Test  Loss: 8973.0499 (Amplitude: 19852.3498, Angle: 3.0346)
2025-04-19 05:18:53,590 - INFO -    \u21aa log_sigma_amp: 0.1011, log_sigma_ang: 0.1411
2025-04-19 05:18:53,590 - INFO - --------------------------------------------------------------------------------
2025-04-19 05:19:14,048 - INFO - Epoch 8/50
2025-04-19 05:19:14,049 - INFO - \U0001f539 Train Loss: 11415.0014 (Amplitude: 25370.6198, Angle: 2.9615)
2025-04-19 05:19:14,071 - INFO - \U0001f538 Val   Loss: 10929.9930 (Amplitude: 24408.8483, Angle: 2.8586)
2025-04-19 05:19:14,072 - INFO - \U0001f53b Test  Loss: 9073.2656 (Amplitude: 20261.7215, Angle: 3.0399)
2025-04-19 05:19:14,091 - INFO -    \u21aa log_sigma_amp: 0.1104, log_sigma_ang: 0.1612
2025-04-19 05:19:14,091 - INFO - --------------------------------------------------------------------------------
2025-04-19 05:19:34,537 - INFO - Epoch 9/50
2025-04-19 05:19:34,537 - INFO - \U0001f539 Train Loss: 11268.5073 (Amplitude: 25290.2399, Angle: 2.9609)
2025-04-19 05:19:34,538 - INFO - \U0001f538 Val   Loss: 10849.6544 (Amplitude: 24478.2371, Angle: 2.8335)
2025-04-19 05:19:34,538 - INFO - \U0001f53b Test  Loss: 9070.2539 (Amplitude: 20462.9942, Angle: 3.0349)
2025-04-19 05:19:34,539 - INFO -    \u21aa log_sigma_amp: 0.1206, log_sigma_ang: 0.1810
2025-04-19 05:19:34,539 - INFO - --------------------------------------------------------------------------------
2025-04-19 05:19:54,519 - INFO - Epoch 10/50
2025-04-19 05:19:54,520 - INFO - \U0001f539 Train Loss: 11141.9292 (Amplitude: 25274.6402, Angle: 2.9608)
2025-04-19 05:19:54,520 - INFO - \U0001f538 Val   Loss: 10734.8506 (Amplitude: 24490.8694, Angle: 2.8277)
2025-04-19 05:19:54,521 - INFO - \U0001f53b Test  Loss: 8983.5216 (Amplitude: 20494.6418, Angle: 3.0321)
2025-04-19 05:19:54,534 - INFO -    \u21aa log_sigma_amp: 0.1318, log_sigma_ang: 0.2008
2025-04-19 05:19:54,534 - INFO - --------------------------------------------------------------------------------
2025-04-19 05:20:14,517 - INFO - Epoch 11/50
2025-04-19 05:20:14,517 - INFO - \U0001f539 Train Loss: 11013.0334 (Amplitude: 25273.9756, Angle: 2.9625)
2025-04-19 05:20:14,518 - INFO - \U0001f538 Val   Loss: 10615.0839 (Amplitude: 24511.3953, Angle: 2.8280)
2025-04-19 05:20:14,518 - INFO - \U0001f53b Test  Loss: 8897.3494 (Amplitude: 20544.2762, Angle: 3.0325)
2025-04-19 05:20:14,530 - INFO -    \u21aa log_sigma_amp: 0.1438, log_sigma_ang: 0.2204
2025-04-19 05:20:14,531 - INFO - --------------------------------------------------------------------------------
2025-04-19 05:20:34,974 - INFO - Epoch 12/50
2025-04-19 05:20:34,975 - INFO - \U0001f539 Train Loss: 10876.3893 (Amplitude: 25275.2730, Angle: 2.9633)
2025-04-19 05:20:34,975 - INFO - \U0001f538 Val   Loss: 10479.2849 (Amplitude: 24514.2718, Angle: 2.8774)
2025-04-19 05:20:34,976 - INFO - \U0001f53b Test  Loss: 8785.4131 (Amplitude: 20551.1087, Angle: 3.0651)
2025-04-19 05:20:34,976 - INFO -    \u21aa log_sigma_amp: 0.1568, log_sigma_ang: 0.2399
2025-04-19 05:20:34,977 - INFO - --------------------------------------------------------------------------------
2025-04-19 05:20:55,417 - INFO - Epoch 13/50
2025-04-19 05:20:55,418 - INFO - \U0001f539 Train Loss: 10731.8527 (Amplitude: 25275.6593, Angle: 2.9649)
2025-04-19 05:20:55,418 - INFO - \U0001f538 Val   Loss: 10331.7406 (Amplitude: 24505.0982, Angle: 2.8282)
2025-04-19 05:20:55,419 - INFO - \U0001f53b Test  Loss: 8655.7975 (Amplitude: 20529.3619, Angle: 3.0328)
2025-04-19 05:20:55,419 - INFO -    \u21aa log_sigma_amp: 0.1706, log_sigma_ang: 0.2593
2025-04-19 05:20:55,420 - INFO - --------------------------------------------------------------------------------
2025-04-19 05:21:15,371 - INFO - Epoch 14/50
2025-04-19 05:21:15,371 - INFO - \U0001f539 Train Loss: 10580.4154 (Amplitude: 25275.9254, Angle: 2.9623)
2025-04-19 05:21:15,372 - INFO - \U0001f538 Val   Loss: 10180.7439 (Amplitude: 24502.7281, Angle: 2.8371)
2025-04-19 05:21:15,372 - INFO - \U0001f53b Test  Loss: 8527.8103 (Amplitude: 20523.8095, Angle: 3.0286)
2025-04-19 05:21:15,373 - INFO -    \u21aa log_sigma_amp: 0.1853, log_sigma_ang: 0.2786
2025-04-19 05:21:15,373 - INFO - --------------------------------------------------------------------------------
2025-04-19 05:21:35,034 - INFO - Epoch 15/50
2025-04-19 05:21:35,034 - INFO - \U0001f539 Train Loss: 10421.9638 (Amplitude: 25273.3971, Angle: 2.9610)
2025-04-19 05:21:35,059 - INFO - \U0001f538 Val   Loss: 10014.4702 (Amplitude: 24475.7802, Angle: 2.8491)
2025-04-19 05:21:35,059 - INFO - \U0001f53b Test  Loss: 8370.3910 (Amplitude: 20456.8816, Angle: 3.0437)
2025-04-19 05:21:35,060 - INFO -    \u21aa log_sigma_amp: 0.2006, log_sigma_ang: 0.2977
2025-04-19 05:21:35,061 - INFO - --------------------------------------------------------------------------------
2025-04-19 05:21:54,390 - INFO - Epoch 16/50
2025-04-19 05:21:54,390 - INFO - \U0001f539 Train Loss: 10259.9641 (Amplitude: 25275.4768, Angle: 2.9634)
2025-04-19 05:21:54,391 - INFO - \U0001f538 Val   Loss: 9862.9923 (Amplitude: 24495.1183, Angle: 2.8277)
2025-04-19 05:21:54,391 - INFO - \U0001f53b Test  Loss: 8256.7452 (Amplitude: 20505.2333, Angle: 3.0318)
2025-04-19 05:21:54,392 - INFO -    \u21aa log_sigma_amp: 0.2167, log_sigma_ang: 0.3168
2025-04-19 05:21:54,392 - INFO - --------------------------------------------------------------------------------
2025-04-19 05:22:14,062 - INFO - Epoch 17/50
2025-04-19 05:22:14,062 - INFO - \U0001f539 Train Loss: 10092.7980 (Amplitude: 25273.4918, Angle: 2.9625)
2025-04-19 05:22:14,095 - INFO - \U0001f538 Val   Loss: 9701.9343 (Amplitude: 24501.9667, Angle: 2.8466)
2025-04-19 05:22:14,096 - INFO - \U0001f53b Test  Loss: 8126.2479 (Amplitude: 20521.9034, Angle: 3.0421)
2025-04-19 05:22:14,096 - INFO -    \u21aa log_sigma_amp: 0.2334, log_sigma_ang: 0.3357
2025-04-19 05:22:14,096 - INFO - --------------------------------------------------------------------------------
2025-04-19 05:22:33,471 - INFO - Epoch 18/50
2025-04-19 05:22:33,472 - INFO - \U0001f539 Train Loss: 9924.9990 (Amplitude: 25277.5666, Angle: 2.9625)
2025-04-19 05:22:33,472 - INFO - \U0001f538 Val   Loss: 9539.0320 (Amplitude: 24507.6407, Angle: 2.8379)
2025-04-19 05:22:33,473 - INFO - \U0001f53b Test  Loss: 7993.2848 (Amplitude: 20535.6007, Angle: 3.0288)
2025-04-19 05:22:33,474 - INFO -    \u21aa log_sigma_amp: 0.2506, log_sigma_ang: 0.3546
2025-04-19 05:22:33,475 - INFO - --------------------------------------------------------------------------------
2025-04-19 05:22:52,958 - INFO - Epoch 19/50
2025-04-19 05:22:52,958 - INFO - \U0001f539 Train Loss: 9752.7094 (Amplitude: 25274.9986, Angle: 2.9571)
2025-04-19 05:22:52,960 - INFO - \U0001f538 Val   Loss: 9370.9043 (Amplitude: 24503.0524, Angle: 2.8309)
2025-04-19 05:22:52,960 - INFO - \U0001f53b Test  Loss: 7849.6604 (Amplitude: 20524.5685, Angle: 3.0342)
2025-04-19 05:22:52,961 - INFO -    \u21aa log_sigma_amp: 0.2682, log_sigma_ang: 0.3734
2025-04-19 05:22:52,961 - INFO - --------------------------------------------------------------------------------
2025-04-19 05:23:13,394 - INFO - Epoch 20/50
2025-04-19 05:23:13,394 - INFO - \U0001f539 Train Loss: 9580.4320 (Amplitude: 25276.4481, Angle: 2.9589)
2025-04-19 05:23:13,396 - INFO - \U0001f538 Val   Loss: 9205.0159 (Amplitude: 24508.5544, Angle: 2.8681)
2025-04-19 05:23:13,396 - INFO - \U0001f53b Test  Loss: 7713.9250 (Amplitude: 20537.7680, Angle: 3.0461)
2025-04-19 05:23:13,397 - INFO -    \u21aa log_sigma_amp: 0.2863, log_sigma_ang: 0.3920
2025-04-19 05:23:13,397 - INFO - --------------------------------------------------------------------------------
2025-04-19 05:23:33,091 - INFO - Epoch 21/50
2025-04-19 05:23:33,092 - INFO - \U0001f539 Train Loss: 9407.7194 (Amplitude: 25278.0138, Angle: 2.9603)
2025-04-19 05:23:33,093 - INFO - \U0001f538 Val   Loss: 9038.2667 (Amplitude: 24512.8078, Angle: 2.8283)
2025-04-19 05:23:33,093 - INFO - \U0001f53b Test  Loss: 7576.5895 (Amplitude: 20547.8223, Angle: 3.0308)
2025-04-19 05:23:33,094 - INFO -    \u21aa log_sigma_amp: 0.3047, log_sigma_ang: 0.4106
2025-04-19 05:23:33,094 - INFO - --------------------------------------------------------------------------------
2025-04-19 05:23:52,871 - INFO - Epoch 22/50
2025-04-19 05:23:52,871 - INFO - \U0001f539 Train Loss: 9234.6157 (Amplitude: 25278.0220, Angle: 2.9575)
2025-04-19 05:23:52,872 - INFO - \U0001f538 Val   Loss: 8877.0591 (Amplitude: 24530.3539, Angle: 2.8368)
2025-04-19 05:23:52,872 - INFO - \U0001f53b Test  Loss: 7450.9412 (Amplitude: 20588.7516, Angle: 3.0286)
2025-04-19 05:23:52,874 - INFO -    \u21aa log_sigma_amp: 0.3234, log_sigma_ang: 0.4291
2025-04-19 05:23:52,874 - INFO - --------------------------------------------------------------------------------
2025-04-19 05:24:11,554 - INFO - Epoch 23/50
2025-04-19 05:24:11,554 - INFO - \U0001f539 Train Loss: 9061.4897 (Amplitude: 25276.1067, Angle: 2.9583)
2025-04-19 05:24:11,555 - INFO - \U0001f538 Val   Loss: 8706.5615 (Amplitude: 24520.4542, Angle: 2.8349)
2025-04-19 05:24:11,555 - INFO - \U0001f53b Test  Loss: 7302.6568 (Amplitude: 20565.8382, Angle: 3.0356)
2025-04-19 05:24:11,556 - INFO -    \u21aa log_sigma_amp: 0.3424, log_sigma_ang: 0.4474
2025-04-19 05:24:11,567 - INFO - --------------------------------------------------------------------------------
2025-04-19 05:24:30,379 - INFO - Epoch 24/50
2025-04-19 05:24:30,380 - INFO - \U0001f539 Train Loss: 8889.8078 (Amplitude: 25275.0796, Angle: 2.9656)
2025-04-19 05:24:30,381 - INFO - \U0001f538 Val   Loss: 8540.3828 (Amplitude: 24518.5822, Angle: 2.8374)
2025-04-19 05:24:30,381 - INFO - \U0001f53b Test  Loss: 7162.2933 (Amplitude: 20561.4495, Angle: 3.0287)
2025-04-19 05:24:30,382 - INFO -    \u21aa log_sigma_amp: 0.3616, log_sigma_ang: 0.4659
2025-04-19 05:24:30,382 - INFO - --------------------------------------------------------------------------------
2025-04-19 05:24:49,972 - INFO - Epoch 25/50
2025-04-19 05:24:49,973 - INFO - \U0001f539 Train Loss: 8720.7999 (Amplitude: 25276.4470, Angle: 2.9597)
2025-04-19 05:24:49,974 - INFO - \U0001f538 Val   Loss: 8373.5897 (Amplitude: 24508.7778, Angle: 2.8449)
2025-04-19 05:24:49,974 - INFO - \U0001f53b Test  Loss: 7017.3469 (Amplitude: 20538.3827, Angle: 3.0316)
2025-04-19 05:24:49,975 - INFO -    \u21aa log_sigma_amp: 0.3810, log_sigma_ang: 0.4841
2025-04-19 05:24:49,975 - INFO - --------------------------------------------------------------------------------
2025-04-19 05:25:08,748 - INFO - Epoch 26/50
2025-04-19 05:25:08,749 - INFO - \U0001f539 Train Loss: 8551.9796 (Amplitude: 25273.0777, Angle: 2.9598)
2025-04-19 05:25:08,749 - INFO - \U0001f538 Val   Loss: 8200.4926 (Amplitude: 24474.0005, Angle: 2.8283)
2025-04-19 05:25:08,750 - INFO - \U0001f53b Test  Loss: 6853.2312 (Amplitude: 20452.3340, Angle: 3.0329)
2025-04-19 05:25:08,750 - INFO -    \u21aa log_sigma_amp: 0.4004, log_sigma_ang: 0.5023
2025-04-19 05:25:08,751 - INFO - --------------------------------------------------------------------------------
2025-04-19 05:25:27,738 - INFO - Epoch 27/50
2025-04-19 05:25:27,739 - INFO - \U0001f539 Train Loss: 8387.4819 (Amplitude: 25276.5656, Angle: 2.9582)
2025-04-19 05:25:27,739 - INFO - \U0001f538 Val   Loss: 8052.8359 (Amplitude: 24510.1783, Angle: 2.8357)
2025-04-19 05:25:27,740 - INFO - \U0001f53b Test  Loss: 6749.2739 (Amplitude: 20541.7449, Angle: 3.0284)
2025-04-19 05:25:27,740 - INFO -    \u21aa log_sigma_amp: 0.4201, log_sigma_ang: 0.5204
2025-04-19 05:25:27,741 - INFO - --------------------------------------------------------------------------------
2025-04-19 05:25:46,770 - INFO - Epoch 28/50
2025-04-19 05:25:46,770 - INFO - \U0001f539 Train Loss: 8223.9125 (Amplitude: 25275.6724, Angle: 2.9662)
2025-04-19 05:25:46,771 - INFO - \U0001f538 Val   Loss: 7904.6011 (Amplitude: 24537.2363, Angle: 2.8337)
2025-04-19 05:25:46,771 - INFO - \U0001f53b Test  Loss: 6637.8953 (Amplitude: 20604.3333, Angle: 3.0284)
2025-04-19 05:25:46,771 - INFO -    \u21aa log_sigma_amp: 0.4398, log_sigma_ang: 0.5383
2025-04-19 05:25:46,772 - INFO - --------------------------------------------------------------------------------
2025-04-19 05:26:05,374 - INFO - Epoch 29/50
2025-04-19 05:26:05,374 - INFO - \U0001f539 Train Loss: 8062.4852 (Amplitude: 25274.6155, Angle: 2.9607)
2025-04-19 05:26:05,375 - INFO - \U0001f538 Val   Loss: 7735.1269 (Amplitude: 24491.5007, Angle: 2.8288)
2025-04-19 05:26:05,375 - INFO - \U0001f53b Test  Loss: 6473.8185 (Amplitude: 20496.9935, Angle: 3.0302)
2025-04-19 05:26:05,376 - INFO -    \u21aa log_sigma_amp: 0.4596, log_sigma_ang: 0.5563
2025-04-19 05:26:05,376 - INFO - --------------------------------------------------------------------------------
2025-04-19 05:26:24,181 - INFO - Epoch 30/50
2025-04-19 05:26:24,182 - INFO - \U0001f539 Train Loss: 7904.8260 (Amplitude: 25276.3749, Angle: 2.9566)
2025-04-19 05:26:24,183 - INFO - \U0001f538 Val   Loss: 7590.9826 (Amplitude: 24516.8937, Angle: 2.8431)
2025-04-19 05:26:24,183 - INFO - \U0001f53b Test  Loss: 6365.2937 (Amplitude: 20557.3752, Angle: 3.0307)
2025-04-19 05:26:24,184 - INFO -    \u21aa log_sigma_amp: 0.4794, log_sigma_ang: 0.5739
2025-04-19 05:26:24,184 - INFO - --------------------------------------------------------------------------------
2025-04-19 05:26:43,169 - INFO - Epoch 31/50
2025-04-19 05:26:43,169 - INFO - \U0001f539 Train Loss: 7748.7673 (Amplitude: 25275.4569, Angle: 2.9563)
2025-04-19 05:26:43,170 - INFO - \U0001f538 Val   Loss: 7439.4238 (Amplitude: 24511.2648, Angle: 2.8281)
2025-04-19 05:26:43,170 - INFO - \U0001f53b Test  Loss: 6235.6006 (Amplitude: 20544.0377, Angle: 3.0327)
2025-04-19 05:26:43,171 - INFO -    \u21aa log_sigma_amp: 0.4994, log_sigma_ang: 0.5916
2025-04-19 05:26:43,171 - INFO - --------------------------------------------------------------------------------
2025-04-19 05:27:02,247 - INFO - Epoch 32/50
2025-04-19 05:27:02,248 - INFO - \U0001f539 Train Loss: 7595.7202 (Amplitude: 25275.7026, Angle: 2.9625)
2025-04-19 05:27:02,248 - INFO - \U0001f538 Val   Loss: 7293.7953 (Amplitude: 24516.1713, Angle: 2.8824)
2025-04-19 05:27:02,249 - INFO - \U0001f53b Test  Loss: 6115.7733 (Amplitude: 20555.6578, Angle: 3.0693)
2025-04-19 05:27:02,249 - INFO -    \u21aa log_sigma_amp: 0.5193, log_sigma_ang: 0.6092
2025-04-19 05:27:02,250 - INFO - --------------------------------------------------------------------------------
2025-04-19 05:27:20,756 - INFO - Epoch 33/50
2025-04-19 05:27:20,757 - INFO - \U0001f539 Train Loss: 7445.3196 (Amplitude: 25275.5086, Angle: 2.9690)
2025-04-19 05:27:20,757 - INFO - \U0001f538 Val   Loss: 7161.6608 (Amplitude: 24559.4766, Angle: 2.8360)
2025-04-19 05:27:20,758 - INFO - \U0001f53b Test  Loss: 6022.7716 (Amplitude: 20652.9775, Angle: 3.0285)
2025-04-19 05:27:20,758 - INFO -    \u21aa log_sigma_amp: 0.5394, log_sigma_ang: 0.6267
2025-04-19 05:27:20,759 - INFO - --------------------------------------------------------------------------------
2025-04-19 05:27:39,152 - INFO - Epoch 34/50
2025-04-19 05:27:39,153 - INFO - \U0001f539 Train Loss: 7297.8211 (Amplitude: 25275.3399, Angle: 2.9642)
2025-04-19 05:27:39,153 - INFO - \U0001f538 Val   Loss: 7000.9391 (Amplitude: 24493.5054, Angle: 2.8301)
2025-04-19 05:27:39,154 - INFO - \U0001f53b Test  Loss: 5860.1816 (Amplitude: 20501.4944, Angle: 3.0341)
2025-04-19 05:27:39,154 - INFO -    \u21aa log_sigma_amp: 0.5594, log_sigma_ang: 0.6442
2025-04-19 05:27:39,155 - INFO - --------------------------------------------------------------------------------
2025-04-19 05:27:57,783 - INFO - Epoch 35/50
2025-04-19 05:27:57,784 - INFO - \U0001f539 Train Loss: 7153.9011 (Amplitude: 25278.2570, Angle: 2.9628)
2025-04-19 05:27:57,784 - INFO - \U0001f538 Val   Loss: 6856.7790 (Amplitude: 24474.7545, Angle: 2.8383)
2025-04-19 05:27:57,785 - INFO - \U0001f53b Test  Loss: 5732.4427 (Amplitude: 20460.5537, Angle: 3.0290)
2025-04-19 05:27:57,785 - INFO -    \u21aa log_sigma_amp: 0.5795, log_sigma_ang: 0.6614
2025-04-19 05:27:57,786 - INFO - --------------------------------------------------------------------------------
2025-04-19 05:28:16,213 - INFO - Epoch 36/50
2025-04-19 05:28:16,214 - INFO - \U0001f539 Train Loss: 7011.8021 (Amplitude: 25277.6354, Angle: 2.9582)
2025-04-19 05:28:16,214 - INFO - \U0001f538 Val   Loss: 6721.9580 (Amplitude: 24478.7939, Angle: 2.8415)
2025-04-19 05:28:16,215 - INFO - \U0001f53b Test  Loss: 5619.8912 (Amplitude: 20464.5028, Angle: 3.0301)
2025-04-19 05:28:16,215 - INFO -    \u21aa log_sigma_amp: 0.5995, log_sigma_ang: 0.6784
2025-04-19 05:28:16,230 - INFO - --------------------------------------------------------------------------------
2025-04-19 05:28:34,654 - INFO - Epoch 37/50
2025-04-19 05:28:34,655 - INFO - \U0001f539 Train Loss: 6871.3007 (Amplitude: 25274.0616, Angle: 2.9600)
2025-04-19 05:28:34,656 - INFO - \U0001f538 Val   Loss: 6617.3778 (Amplitude: 24588.4051, Angle: 2.8282)
2025-04-19 05:28:34,656 - INFO - \U0001f53b Test  Loss: 5575.5383 (Amplitude: 20716.2210, Angle: 3.0328)
2025-04-19 05:28:34,657 - INFO -    \u21aa log_sigma_amp: 0.6196, log_sigma_ang: 0.6953
2025-04-19 05:28:34,657 - INFO - --------------------------------------------------------------------------------
2025-04-19 05:28:53,555 - INFO - Epoch 38/50
2025-04-19 05:28:53,555 - INFO - \U0001f539 Train Loss: 6733.8127 (Amplitude: 25271.9048, Angle: 2.9610)
2025-04-19 05:28:53,556 - INFO - \U0001f538 Val   Loss: 6458.1695 (Amplitude: 24484.2346, Angle: 2.8280)
2025-04-19 05:28:53,556 - INFO - \U0001f53b Test  Loss: 5402.3642 (Amplitude: 20480.4238, Angle: 3.0316)
2025-04-19 05:28:53,557 - INFO -    \u21aa log_sigma_amp: 0.6397, log_sigma_ang: 0.7122
2025-04-19 05:28:53,557 - INFO - --------------------------------------------------------------------------------
2025-04-19 05:29:12,251 - INFO - Epoch 39/50
2025-04-19 05:29:12,252 - INFO - \U0001f539 Train Loss: 6601.8550 (Amplitude: 25279.7361, Angle: 2.9588)
2025-04-19 05:29:12,252 - INFO - \U0001f538 Val   Loss: 6330.7994 (Amplitude: 24488.5166, Angle: 2.8282)
2025-04-19 05:29:12,253 - INFO - \U0001f53b Test  Loss: 5297.3912 (Amplitude: 20490.0729, Angle: 3.0327)
2025-04-19 05:29:12,253 - INFO -    \u21aa log_sigma_amp: 0.6598, log_sigma_ang: 0.7288
2025-04-19 05:29:12,254 - INFO - --------------------------------------------------------------------------------
2025-04-19 05:29:31,016 - INFO - Epoch 40/50
2025-04-19 05:29:31,016 - INFO - \U0001f539 Train Loss: 6468.6468 (Amplitude: 25273.3302, Angle: 2.9542)
2025-04-19 05:29:31,017 - INFO - \U0001f538 Val   Loss: 6197.0235 (Amplitude: 24458.8610, Angle: 2.8321)
2025-04-19 05:29:31,017 - INFO - \U0001f53b Test  Loss: 5172.5927 (Amplitude: 20414.4753, Angle: 3.0287)
2025-04-19 05:29:31,018 - INFO -    \u21aa log_sigma_amp: 0.6800, log_sigma_ang: 0.7452
2025-04-19 05:29:31,018 - INFO - --------------------------------------------------------------------------------
2025-04-19 05:29:49,922 - INFO - Epoch 41/50
2025-04-19 05:29:49,923 - INFO - \U0001f539 Train Loss: 6339.4101 (Amplitude: 25272.4219, Angle: 2.9554)
2025-04-19 05:29:49,924 - INFO - \U0001f538 Val   Loss: 6099.1229 (Amplitude: 24562.3922, Angle: 2.8280)
2025-04-19 05:29:49,924 - INFO - \U0001f53b Test  Loss: 5130.3704 (Amplitude: 20659.9501, Angle: 3.0313)
2025-04-19 05:29:49,925 - INFO -    \u21aa log_sigma_amp: 0.7002, log_sigma_ang: 0.7614
2025-04-19 05:29:49,925 - INFO - --------------------------------------------------------------------------------
2025-04-19 05:30:08,775 - INFO - Epoch 42/50
2025-04-19 05:30:08,775 - INFO - \U0001f539 Train Loss: 6213.8265 (Amplitude: 25275.2681, Angle: 2.9775)
2025-04-19 05:30:08,776 - INFO - \U0001f538 Val   Loss: 5975.4831 (Amplitude: 24554.8825, Angle: 2.8698)
2025-04-19 05:30:08,776 - INFO - \U0001f53b Test  Loss: 5023.9861 (Amplitude: 20643.8333, Angle: 3.0476)
2025-04-19 05:30:08,777 - INFO -    \u21aa log_sigma_amp: 0.7203, log_sigma_ang: 0.7779
2025-04-19 05:30:08,777 - INFO - --------------------------------------------------------------------------------
2025-04-19 05:30:27,683 - INFO - Epoch 43/50
2025-04-19 05:30:27,684 - INFO - \U0001f539 Train Loss: 6089.4410 (Amplitude: 25273.5921, Angle: 2.9548)
2025-04-19 05:30:27,685 - INFO - \U0001f538 Val   Loss: 5835.2559 (Amplitude: 24466.5737, Angle: 2.8321)
2025-04-19 05:30:27,685 - INFO - \U0001f53b Test  Loss: 4873.3677 (Amplitude: 20432.3197, Angle: 3.0344)
2025-04-19 05:30:27,686 - INFO -    \u21aa log_sigma_amp: 0.7405, log_sigma_ang: 0.7935
2025-04-19 05:30:27,686 - INFO - --------------------------------------------------------------------------------
2025-04-19 05:30:46,236 - INFO - Epoch 44/50
2025-04-19 05:30:46,237 - INFO - \U0001f539 Train Loss: 5968.6265 (Amplitude: 25276.3391, Angle: 2.9656)
2025-04-19 05:30:46,237 - INFO - \U0001f538 Val   Loss: 5733.9985 (Amplitude: 24531.5768, Angle: 2.8321)
2025-04-19 05:30:46,238 - INFO - \U0001f53b Test  Loss: 4813.2374 (Amplitude: 20591.1500, Angle: 3.0344)
2025-04-19 05:30:46,238 - INFO -    \u21aa log_sigma_amp: 0.7606, log_sigma_ang: 0.8094
2025-04-19 05:30:46,238 - INFO - --------------------------------------------------------------------------------
2025-04-19 05:31:05,277 - INFO - Epoch 45/50
2025-04-19 05:31:05,278 - INFO - \U0001f539 Train Loss: 5849.1952 (Amplitude: 25274.4307, Angle: 2.9613)
2025-04-19 05:31:05,279 - INFO - \U0001f538 Val   Loss: 5621.5596 (Amplitude: 24538.8119, Angle: 2.8327)
2025-04-19 05:31:05,279 - INFO - \U0001f53b Test  Loss: 4721.0022 (Amplitude: 20606.5770, Angle: 3.0346)
2025-04-19 05:31:05,279 - INFO -    \u21aa log_sigma_amp: 0.7808, log_sigma_ang: 0.8249
2025-04-19 05:31:05,280 - INFO - --------------------------------------------------------------------------------
2025-04-19 05:31:24,720 - INFO - Epoch 46/50
2025-04-19 05:31:24,720 - INFO - \U0001f539 Train Loss: 5732.4256 (Amplitude: 25274.9703, Angle: 2.9603)
2025-04-19 05:31:24,721 - INFO - \U0001f538 Val   Loss: 5500.6883 (Amplitude: 24502.0901, Angle: 2.8363)
2025-04-19 05:31:24,721 - INFO - \U0001f53b Test  Loss: 4607.3062 (Amplitude: 20521.4078, Angle: 3.0362)
2025-04-19 05:31:24,722 - INFO -    \u21aa log_sigma_amp: 0.8010, log_sigma_ang: 0.8401
2025-04-19 05:31:24,722 - INFO - --------------------------------------------------------------------------------
2025-04-19 05:31:44,452 - INFO - Epoch 47/50
2025-04-19 05:31:44,452 - INFO - \U0001f539 Train Loss: 5618.9372 (Amplitude: 25279.0338, Angle: 2.9577)
2025-04-19 05:31:44,453 - INFO - \U0001f538 Val   Loss: 5402.5277 (Amplitude: 24554.0760, Angle: 2.8294)
2025-04-19 05:31:44,453 - INFO - \U0001f53b Test  Loss: 4541.9494 (Amplitude: 20641.5734, Angle: 3.0335)
2025-04-19 05:31:44,460 - INFO -    \u21aa log_sigma_amp: 0.8211, log_sigma_ang: 0.8548
2025-04-19 05:31:44,460 - INFO - --------------------------------------------------------------------------------
2025-04-19 05:32:03,259 - INFO - Epoch 48/50
2025-04-19 05:32:03,260 - INFO - \U0001f539 Train Loss: 5506.3113 (Amplitude: 25277.1387, Angle: 2.9546)
2025-04-19 05:32:03,261 - INFO - \U0001f538 Val   Loss: 5278.2772 (Amplitude: 24478.4469, Angle: 2.8571)
2025-04-19 05:32:03,261 - INFO - \U0001f53b Test  Loss: 4413.3114 (Amplitude: 20465.8140, Angle: 3.0389)
2025-04-19 05:32:03,262 - INFO -    \u21aa log_sigma_amp: 0.8413, log_sigma_ang: 0.8694
2025-04-19 05:32:03,262 - INFO - --------------------------------------------------------------------------------
2025-04-19 05:32:22,474 - INFO - Epoch 49/50
2025-04-19 05:32:22,475 - INFO - \U0001f539 Train Loss: 5396.2968 (Amplitude: 25277.0154, Angle: 2.9677)
2025-04-19 05:32:22,475 - INFO - \U0001f538 Val   Loss: 5172.4646 (Amplitude: 24476.7368, Angle: 2.8295)
2025-04-19 05:32:22,476 - INFO - \U0001f53b Test  Loss: 4324.5535 (Amplitude: 20462.9876, Angle: 3.0335)
2025-04-19 05:32:22,476 - INFO -    \u21aa log_sigma_amp: 0.8615, log_sigma_ang: 0.8837
2025-04-19 05:32:22,477 - INFO - --------------------------------------------------------------------------------
2025-04-19 05:32:41,233 - INFO - Epoch 50/50
2025-04-19 05:32:41,234 - INFO - \U0001f539 Train Loss: 5287.9539 (Amplitude: 25274.0365, Angle: 2.9584)
2025-04-19 05:32:41,234 - INFO - \U0001f538 Val   Loss: 5067.5165 (Amplitude: 24468.3213, Angle: 2.8867)
2025-04-19 05:32:41,235 - INFO - \U0001f53b Test  Loss: 4233.3085 (Amplitude: 20439.0207, Angle: 3.0720)
2025-04-19 05:32:41,235 - INFO -    \u21aa log_sigma_amp: 0.8817, log_sigma_ang: 0.8976
2025-04-19 05:32:41,236 - INFO - --------------------------------------------------------------------------------
2025-04-19 05:32:41,517 - INFO - 
\u2705 Best multitask model saved as 'best_multitask_model.pt' with val loss: 5067.5165
2025-04-19 05:32:41,756 - INFO - \U0001f9e0 Best fine-tuned encoder saved as 'best_finetuned_encoder_task2.pt'
